PS D:\github\Vortex\soc> vagrant up
Bringing machine 'wazuhserver' up with 'virtualbox' provider...
==> wazuhserver: Importing base box 'ubuntu/focal64'...
==> wazuhserver: Matching MAC address for NAT networking...
==> wazuhserver: Checking if box 'ubuntu/focal64' version '20240821.0.1' is up to date...==> wazuhserver: Setting the name of the VM: soc_wazuhserver_1739902753352_17176
==> wazuhserver: Clearing any previously set network interfaces...
==> wazuhserver: Preparing network interfaces based on configuration...
    wazuhserver: Adapter 1: nat
    wazuhserver: Adapter 2: hostonly
==> wazuhserver: Forwarding ports...
    wazuhserver: 80 (guest) => 8080 (host) (adapter 1)
    wazuhserver: 22 (guest) => 2222 (host) (adapter 1)
==> wazuhserver: Running 'pre-boot' VM customizations...
==> wazuhserver: Booting VM...
==> wazuhserver: Waiting for machine to boot. This may take a few minutes...
    wazuhserver: SSH address: 127.0.0.1:2222
    wazuhserver: SSH username: vagrant
    wazuhserver: SSH auth method: private key
    wazuhserver: Warning: Connection reset. Retrying...
    wazuhserver: Warning: Connection aborted. Retrying...
    wazuhserver:
    wazuhserver: Vagrant insecure key detected. Vagrant will automatically replace
    wazuhserver: this with a newly generated keypair for better security.
    wazuhserver:
    wazuhserver: Inserting generated public key within guest...
    wazuhserver: Removing insecure key from the guest if it's present...
    wazuhserver: Key inserted! Disconnecting and reconnecting using new SSH key...
==> wazuhserver: Machine booted and ready!
==> wazuhserver: Checking for guest additions in VM...
    wazuhserver: The guest additions on this VM do not match the installed version of
    wazuhserver: VirtualBox! In most cases this is fine, but in rare cases it can
    wazuhserver: prevent things such as shared folders from working properly. If you see
    wazuhserver: shared folder errors, please make sure the guest additions within the
    wazuhserver: virtual machine match the version of VirtualBox you have installed on
    wazuhserver: your host and reload your VM.
    wazuhserver:
    wazuhserver: Guest Additions Version: 6.1.50
    wazuhserver: VirtualBox Version: 7.0
==> wazuhserver: Configuring and enabling network interfaces...
==> wazuhserver: Mounting shared folders...
    wazuhserver: D:/github/Vortex/soc => /vagrant
==> wazuhserver: Running provisioner: file...
    wazuhserver: ../conf/config.yml => /home/vagrant/config.yml
==> wazuhserver: Running provisioner: file...
    wazuhserver: ../conf/filebeat.yml => /home/vagrant/filebeat.yml
==> wazuhserver: Running provisioner: file...
    wazuhserver: ../conf/opensearch_dashboards.yml => /home/vagrant/opensearch_dashboards.yml
==> wazuhserver: Running provisioner: file...
    wazuhserver: ../conf/opensearch.yml => /home/vagrant/opensearch.yml
==> wazuhserver: Running provisioner: part1 (shell)...
    wazuhserver: Running: script: part1
    wazuhserver: Reading package lists...
    wazuhserver: Building dependency tree...
    wazuhserver: Reading state information...
    wazuhserver: apt is already the newest version (2.0.10).
    wazuhserver: apt set to manually installed.
    wazuhserver: curl is already the newest version (7.68.0-1ubuntu2.25).
    wazuhserver: curl set to manually installed.
    wazuhserver: gnupg is already the newest version (2.2.19-3ubuntu2.2).
    wazuhserver: gnupg set to manually installed.
    wazuhserver: 0 upgraded, 0 newly installed, 0 to remove and 0 not upgraded.
    wazuhserver: gpg: keyring '/usr/share/keyrings/wazuh.gpg' created
    wazuhserver: gpg: directory '/root/.gnupg' created
    wazuhserver: gpg: /root/.gnupg/trustdb.gpg: trustdb created
    wazuhserver: gpg: key 96B3EE5F29111145: public key "Wazuh.com (Wazuh Signing Key) <support@wazuh.com>" imported
    wazuhserver: gpg: Total number processed: 1
    wazuhserver: gpg:               imported: 1
    wazuhserver: deb [signed-by=/usr/share/keyrings/wazuh.gpg] https://packages.wazuh.com/4.x/apt/ stable main
    wazuhserver:
    wazuhserver: WARNING: apt does not have a stable CLI interface. Use with caution in scripts.
    wazuhserver:
    wazuhserver: Hit:1 http://archive.ubuntu.com/ubuntu focal InRelease
    wazuhserver: Get:2 http://archive.ubuntu.com/ubuntu focal-updates InRelease [128 kB]
    wazuhserver: Get:3 https://packages.wazuh.com/4.x/apt stable InRelease [17.3 kB]
    wazuhserver: Get:4 http://archive.ubuntu.com/ubuntu focal-backports InRelease [128 kB]
    wazuhserver: Get:5 http://security.ubuntu.com/ubuntu focal-security InRelease [128 kB]
    wazuhserver: Get:6 http://archive.ubuntu.com/ubuntu focal/universe amd64 Packages [8628 kB]
    wazuhserver: Get:7 http://archive.ubuntu.com/ubuntu focal/universe Translation-en [5124 kB]
    wazuhserver: Get:8 http://archive.ubuntu.com/ubuntu focal/universe amd64 c-n-f Metadata [265 kB]
    wazuhserver: Get:9 http://archive.ubuntu.com/ubuntu focal/multiverse amd64 Packages [144 kB]
    wazuhserver: Get:10 http://archive.ubuntu.com/ubuntu focal/multiverse Translation-en [104 kB]
    wazuhserver: Get:11 http://archive.ubuntu.com/ubuntu focal/multiverse amd64 c-n-f Metadata [9136 B]
    wazuhserver: Get:12 http://archive.ubuntu.com/ubuntu focal-updates/main amd64 Packages [3775 kB]
    wazuhserver: Get:13 http://archive.ubuntu.com/ubuntu focal-updates/main Translation-en [576 kB]
    wazuhserver: Get:14 https://packages.wazuh.com/4.x/apt stable/main amd64 Packages [42.8 kB]
    wazuhserver: Get:15 http://archive.ubuntu.com/ubuntu focal-updates/restricted amd64 Packages [3553 kB]
    wazuhserver: Get:16 http://archive.ubuntu.com/ubuntu focal-updates/restricted Translation-en [497 kB]
    wazuhserver: Get:17 http://archive.ubuntu.com/ubuntu focal-updates/universe amd64 Packages [1254 kB]
    wazuhserver: Get:18 http://archive.ubuntu.com/ubuntu focal-updates/universe Translation-en [301 kB]
    wazuhserver: Get:19 http://archive.ubuntu.com/ubuntu focal-updates/universe amd64 c-n-f Metadata [28.3 kB]
    wazuhserver: Get:20 http://archive.ubuntu.com/ubuntu focal-updates/multiverse amd64 Packages [27.9 kB]
    wazuhserver: Get:21 http://archive.ubuntu.com/ubuntu focal-updates/multiverse Translation-en [7968 B]
    wazuhserver: Get:22 http://archive.ubuntu.com/ubuntu focal-updates/multiverse amd64 c-n-f Metadata [612 B]
    wazuhserver: Get:23 http://archive.ubuntu.com/ubuntu focal-backports/main amd64 Packages [45.7 kB]
    wazuhserver: Get:24 http://archive.ubuntu.com/ubuntu focal-backports/main Translation-en [16.3 kB]
    wazuhserver: Get:25 http://archive.ubuntu.com/ubuntu focal-backports/main amd64 c-n-f Metadata [1420 B]
    wazuhserver: Get:26 http://archive.ubuntu.com/ubuntu focal-backports/restricted amd64 c-n-f Metadata [116 B]
    wazuhserver: Get:27 http://archive.ubuntu.com/ubuntu focal-backports/universe amd64 Packages [25.0 kB]
    wazuhserver: Get:28 http://archive.ubuntu.com/ubuntu focal-backports/universe Translation-en [16.3 kB]
    wazuhserver: Get:29 http://archive.ubuntu.com/ubuntu focal-backports/universe amd64 c-n-f Metadata [880 B]
    wazuhserver: Get:30 http://archive.ubuntu.com/ubuntu focal-backports/multiverse amd64 c-n-f Metadata [116 B]
    wazuhserver: Get:31 http://security.ubuntu.com/ubuntu focal-security/main amd64 Packages [3396 kB]
    wazuhserver: Get:32 http://security.ubuntu.com/ubuntu focal-security/main Translation-en [497 kB]
    wazuhserver: Get:33 http://security.ubuntu.com/ubuntu focal-security/restricted amd64 Packages [3406 kB]
    wazuhserver: Get:34 http://security.ubuntu.com/ubuntu focal-security/restricted Translation-en [477 kB]
    wazuhserver: Get:35 http://security.ubuntu.com/ubuntu focal-security/universe amd64 Packages [1032 kB]
    wazuhserver: Get:36 http://security.ubuntu.com/ubuntu focal-security/universe Translation-en [218 kB]
    wazuhserver: Get:37 http://security.ubuntu.com/ubuntu focal-security/universe amd64 c-n-f Metadata [21.4 kB]
    wazuhserver: Get:38 http://security.ubuntu.com/ubuntu focal-security/multiverse amd64 Packages [24.8 kB]
    wazuhserver: Get:39 http://security.ubuntu.com/ubuntu focal-security/multiverse Translation-en [5968 B]
    wazuhserver: Get:40 http://security.ubuntu.com/ubuntu focal-security/multiverse amd64 c-n-f Metadata [540 B]
    wazuhserver: Fetched 33.9 MB in 18s (1904 kB/s)
    wazuhserver: Reading package lists...
    wazuhserver: Building dependency tree...
    wazuhserver: Reading state information...
    wazuhserver: 23 packages can be upgraded. Run 'apt list --upgradable' to see them.
    wazuhserver:
    wazuhserver: WARNING: apt does not have a stable CLI interface. Use with caution in scripts.
    wazuhserver:
    wazuhserver: Reading package lists...
    wazuhserver: Building dependency tree...
    wazuhserver: Reading state information...
    wazuhserver: Calculating upgrade...
    wazuhserver: The following NEW packages will be installed:
    wazuhserver:   linux-headers-5.4.0-205 linux-headers-5.4.0-205-generic
    wazuhserver:   linux-image-5.4.0-205-generic linux-modules-5.4.0-205-generic
    wazuhserver: The following packages will be upgraded:
    wazuhserver:   bind9-dnsutils bind9-host bind9-libs krb5-locales libc-bin libc6
    wazuhserver:   libgssapi-krb5-2 libk5crypto3 libkrb5-3 libkrb5support0 libxml2
    wazuhserver:   linux-headers-generic linux-headers-virtual linux-image-virtual
    wazuhserver:   linux-virtual locales python3-jinja2 tzdata vim vim-common vim-runtime
    wazuhserver:   vim-tiny xxd
    wazuhserver: 23 upgraded, 4 newly installed, 0 to remove and 0 not upgraded.
    wazuhserver: 23 standard LTS security updates
    wazuhserver: Need to get 55.9 MB of archives.
    wazuhserver: After this operation, 179 MB of additional disk space will be used.
    wazuhserver: Get:1 http://archive.ubuntu.com/ubuntu focal-updates/main amd64 libc6 amd64 2.31-0ubuntu9.17 [2721 kB]
    wazuhserver: Get:2 http://archive.ubuntu.com/ubuntu focal-updates/main amd64 locales all 2.31-0ubuntu9.17 [3868 kB]
    wazuhserver: Get:3 http://archive.ubuntu.com/ubuntu focal-updates/main amd64 libc-bin amd64 2.31-0ubuntu9.17 [634 kB]
    wazuhserver: Get:4 http://archive.ubuntu.com/ubuntu focal-updates/main amd64 libxml2 amd64 2.9.10+dfsg-5ubuntu0.20.04.8 [640 kB]
    wazuhserver: Get:5 http://archive.ubuntu.com/ubuntu focal-updates/main amd64 tzdata all 2024b-0ubuntu0.20.04.1 [299 kB]
    wazuhserver: Get:6 http://archive.ubuntu.com/ubuntu focal-updates/main amd64 vim amd64 2:8.1.2269-1ubuntu5.31 [1241 kB]
    wazuhserver: Get:7 http://archive.ubuntu.com/ubuntu focal-updates/main amd64 vim-tiny amd64 2:8.1.2269-1ubuntu5.31 [580 kB]
    wazuhserver: Get:8 http://archive.ubuntu.com/ubuntu focal-updates/main amd64 vim-runtime all 2:8.1.2269-1ubuntu5.31 [5872 kB]
    wazuhserver: Get:9 http://archive.ubuntu.com/ubuntu focal-updates/main amd64 xxd amd64 2:8.1.2269-1ubuntu5.31 [50.2 kB]
    wazuhserver: Get:10 http://archive.ubuntu.com/ubuntu focal-updates/main amd64 vim-common all 2:8.1.2269-1ubuntu5.31 [85.2 kB]
    wazuhserver: Get:11 http://archive.ubuntu.com/ubuntu focal-updates/main amd64 libgssapi-krb5-2 amd64 1.17-6ubuntu4.8 [121 kB]
    wazuhserver: Get:12 http://archive.ubuntu.com/ubuntu focal-updates/main amd64 libkrb5-3 amd64 1.17-6ubuntu4.8 [329 kB]
    wazuhserver: Get:13 http://archive.ubuntu.com/ubuntu focal-updates/main amd64 libkrb5support0 amd64 1.17-6ubuntu4.8 [31.1 kB]
    wazuhserver: Get:14 http://archive.ubuntu.com/ubuntu focal-updates/main amd64 libk5crypto3 amd64 1.17-6ubuntu4.8 [80.4 kB]
    wazuhserver: Get:15 http://archive.ubuntu.com/ubuntu focal-updates/main amd64 bind9-dnsutils amd64 1:9.18.30-0ubuntu0.20.04.2 [142 kB]
    wazuhserver: Get:16 http://archive.ubuntu.com/ubuntu focal-updates/main amd64 bind9-libs amd64 1:9.18.30-0ubuntu0.20.04.2 [1155 kB]
    wazuhserver: Get:17 http://archive.ubuntu.com/ubuntu focal-updates/main amd64 bind9-host amd64 1:9.18.30-0ubuntu0.20.04.2 [47.8 kB]
    wazuhserver: Get:18 http://archive.ubuntu.com/ubuntu focal-updates/main amd64 krb5-locales all 1.17-6ubuntu4.8 [11.6 kB]
    wazuhserver: Get:19 http://archive.ubuntu.com/ubuntu focal-updates/main amd64 linux-headers-5.4.0-205 all 5.4.0-205.225 [11.0 MB]
    wazuhserver: Get:20 http://archive.ubuntu.com/ubuntu focal-updates/main amd64 linux-headers-5.4.0-205-generic amd64 5.4.0-205.225 [1376 kB]
    wazuhserver: Get:21 http://archive.ubuntu.com/ubuntu focal-updates/main amd64 linux-modules-5.4.0-205-generic amd64 5.4.0-205.225 [15.0 MB]
    wazuhserver: Get:22 http://archive.ubuntu.com/ubuntu focal-updates/main amd64 linux-image-5.4.0-205-generic amd64 5.4.0-205.225 [10.5 MB]
    wazuhserver: Get:23 http://archive.ubuntu.com/ubuntu focal-updates/main amd64 linux-virtual amd64 5.4.0.205.201 [1876 B]
    wazuhserver: Get:24 http://archive.ubuntu.com/ubuntu focal-updates/main amd64 linux-image-virtual amd64 5.4.0.205.201 [2560 B]
    wazuhserver: Get:25 http://archive.ubuntu.com/ubuntu focal-updates/main amd64 linux-headers-virtual amd64 5.4.0.205.201 [1840 B]
    wazuhserver: Get:26 http://archive.ubuntu.com/ubuntu focal-updates/main amd64 linux-headers-generic amd64 5.4.0.205.201 [2460 B]
    wazuhserver: Get:27 http://archive.ubuntu.com/ubuntu focal-updates/main amd64 python3-jinja2 all 2.10.1-2ubuntu0.4 [96.1 kB]
    wazuhserver: dpkg-preconfigure: unable to re-open stdin: No such file or directory
    wazuhserver: Fetched 55.9 MB in 6s (8752 kB/s)
(Reading database ... 63886 files and directories currently installed.)
    wazuhserver: Preparing to unpack .../libc6_2.31-0ubuntu9.17_amd64.deb ...
    wazuhserver: Unpacking libc6:amd64 (2.31-0ubuntu9.17) over (2.31-0ubuntu9.16) ...
    wazuhserver: Setting up libc6:amd64 (2.31-0ubuntu9.17) ...
(Reading database ... 63886 files and directories currently installed.)
    wazuhserver: Preparing to unpack .../locales_2.31-0ubuntu9.17_all.deb ...
    wazuhserver: Unpacking locales (2.31-0ubuntu9.17) over (2.31-0ubuntu9.16) ...
    wazuhserver: Preparing to unpack .../libc-bin_2.31-0ubuntu9.17_amd64.deb ...
    wazuhserver: Unpacking libc-bin (2.31-0ubuntu9.17) over (2.31-0ubuntu9.16) ...
    wazuhserver: Setting up libc-bin (2.31-0ubuntu9.17) ...
(Reading database ... 63886 files and directories currently installed.)
    wazuhserver: Preparing to unpack .../00-libxml2_2.9.10+dfsg-5ubuntu0.20.04.8_amd64.deb ...
    wazuhserver: Unpacking libxml2:amd64 (2.9.10+dfsg-5ubuntu0.20.04.8) over (2.9.10+dfsg-5ubuntu0.20.04.7) ...
    wazuhserver: Preparing to unpack .../01-tzdata_2024b-0ubuntu0.20.04.1_all.deb ...
    wazuhserver: Unpacking tzdata (2024b-0ubuntu0.20.04.1) over (2024a-0ubuntu0.20.04.1) ...
    wazuhserver: Preparing to unpack .../02-vim_2%3a8.1.2269-1ubuntu5.31_amd64.deb ...
    wazuhserver: Unpacking vim (2:8.1.2269-1ubuntu5.31) over (2:8.1.2269-1ubuntu5.30) ...
    wazuhserver: Preparing to unpack .../03-vim-tiny_2%3a8.1.2269-1ubuntu5.31_amd64.deb ...
    wazuhserver: Unpacking vim-tiny (2:8.1.2269-1ubuntu5.31) over (2:8.1.2269-1ubuntu5.30) ...
    wazuhserver: Preparing to unpack .../04-vim-runtime_2%3a8.1.2269-1ubuntu5.31_all.deb ...
    wazuhserver: Unpacking vim-runtime (2:8.1.2269-1ubuntu5.31) over (2:8.1.2269-1ubuntu5.30) ...
    wazuhserver: Preparing to unpack .../05-xxd_2%3a8.1.2269-1ubuntu5.31_amd64.deb ...
    wazuhserver: Unpacking xxd (2:8.1.2269-1ubuntu5.31) over (2:8.1.2269-1ubuntu5.30) ...
    wazuhserver: Preparing to unpack .../06-vim-common_2%3a8.1.2269-1ubuntu5.31_all.deb ...
    wazuhserver: Unpacking vim-common (2:8.1.2269-1ubuntu5.31) over (2:8.1.2269-1ubuntu5.30) ...
    wazuhserver: Preparing to unpack .../07-libgssapi-krb5-2_1.17-6ubuntu4.8_amd64.deb ...
    wazuhserver: Unpacking libgssapi-krb5-2:amd64 (1.17-6ubuntu4.8) over (1.17-6ubuntu4.7) ...
    wazuhserver: Preparing to unpack .../08-libkrb5-3_1.17-6ubuntu4.8_amd64.deb ...
    wazuhserver: Unpacking libkrb5-3:amd64 (1.17-6ubuntu4.8) over (1.17-6ubuntu4.7) ...
    wazuhserver: Preparing to unpack .../09-libkrb5support0_1.17-6ubuntu4.8_amd64.deb ...
    wazuhserver: Unpacking libkrb5support0:amd64 (1.17-6ubuntu4.8) over (1.17-6ubuntu4.7) ...
    wazuhserver: Preparing to unpack .../10-libk5crypto3_1.17-6ubuntu4.8_amd64.deb ...
    wazuhserver: Unpacking libk5crypto3:amd64 (1.17-6ubuntu4.8) over (1.17-6ubuntu4.7) ...
    wazuhserver: Preparing to unpack .../11-bind9-dnsutils_1%3a9.18.30-0ubuntu0.20.04.2_amd64.deb ...
    wazuhserver: Unpacking bind9-dnsutils (1:9.18.30-0ubuntu0.20.04.2) over (1:9.18.30-0ubuntu0.20.04.1) ...
    wazuhserver: Preparing to unpack .../12-bind9-libs_1%3a9.18.30-0ubuntu0.20.04.2_amd64.deb ...
    wazuhserver: Unpacking bind9-libs:amd64 (1:9.18.30-0ubuntu0.20.04.2) over (1:9.18.30-0ubuntu0.20.04.1) ...
    wazuhserver: Preparing to unpack .../13-bind9-host_1%3a9.18.30-0ubuntu0.20.04.2_amd64.deb ...
    wazuhserver: Unpacking bind9-host (1:9.18.30-0ubuntu0.20.04.2) over (1:9.18.30-0ubuntu0.20.04.1) ...
    wazuhserver: Preparing to unpack .../14-krb5-locales_1.17-6ubuntu4.8_all.deb ...
    wazuhserver: Unpacking krb5-locales (1.17-6ubuntu4.8) over (1.17-6ubuntu4.7) ...
    wazuhserver: Selecting previously unselected package linux-headers-5.4.0-205.
    wazuhserver: Preparing to unpack .../15-linux-headers-5.4.0-205_5.4.0-205.225_all.deb ...
    wazuhserver: Unpacking linux-headers-5.4.0-205 (5.4.0-205.225) ...
    wazuhserver: Selecting previously unselected package linux-headers-5.4.0-205-generic.
    wazuhserver: Preparing to unpack .../16-linux-headers-5.4.0-205-generic_5.4.0-205.225_amd64.deb ...
    wazuhserver: Unpacking linux-headers-5.4.0-205-generic (5.4.0-205.225) ...
    wazuhserver: Selecting previously unselected package linux-modules-5.4.0-205-generic.
    wazuhserver: Preparing to unpack .../17-linux-modules-5.4.0-205-generic_5.4.0-205.225_amd64.deb ...
    wazuhserver: Unpacking linux-modules-5.4.0-205-generic (5.4.0-205.225) ...
    wazuhserver: Selecting previously unselected package linux-image-5.4.0-205-generic.
    wazuhserver: Preparing to unpack .../18-linux-image-5.4.0-205-generic_5.4.0-205.225_amd64.deb ...
    wazuhserver: Unpacking linux-image-5.4.0-205-generic (5.4.0-205.225) ...
    wazuhserver: Preparing to unpack .../19-linux-virtual_5.4.0.205.201_amd64.deb ...
    wazuhserver: Unpacking linux-virtual (5.4.0.205.201) over (5.4.0.204.200) ...
    wazuhserver: Preparing to unpack .../20-linux-image-virtual_5.4.0.205.201_amd64.deb ...
    wazuhserver: Unpacking linux-image-virtual (5.4.0.205.201) over (5.4.0.204.200) ...
    wazuhserver: Preparing to unpack .../21-linux-headers-virtual_5.4.0.205.201_amd64.deb ...
    wazuhserver: Unpacking linux-headers-virtual (5.4.0.205.201) over (5.4.0.204.200) ...
    wazuhserver: Preparing to unpack .../22-linux-headers-generic_5.4.0.205.201_amd64.deb ...
    wazuhserver: Unpacking linux-headers-generic (5.4.0.205.201) over (5.4.0.204.200) ...
    wazuhserver: Preparing to unpack .../23-python3-jinja2_2.10.1-2ubuntu0.4_all.deb ...
    wazuhserver: Unpacking python3-jinja2 (2.10.1-2ubuntu0.4) over (2.10.1-2ubuntu0.3) ...
    wazuhserver: Setting up linux-modules-5.4.0-205-generic (5.4.0-205.225) ...
    wazuhserver: Setting up linux-image-5.4.0-205-generic (5.4.0-205.225) ...
    wazuhserver: I: /boot/vmlinuz is now a symlink to vmlinuz-5.4.0-205-generic
    wazuhserver: I: /boot/initrd.img is now a symlink to initrd.img-5.4.0-205-generic
    wazuhserver: Setting up krb5-locales (1.17-6ubuntu4.8) ...
    wazuhserver: Setting up locales (2.31-0ubuntu9.17) ...
    wazuhserver: Generating locales (this might take a while)...
    wazuhserver:   en_US.UTF-8... done
    wazuhserver: Generation complete.
    wazuhserver: Setting up xxd (2:8.1.2269-1ubuntu5.31) ...
    wazuhserver: Setting up libkrb5support0:amd64 (1.17-6ubuntu4.8) ...
    wazuhserver: Setting up tzdata (2024b-0ubuntu0.20.04.1) ...
    wazuhserver:
    wazuhserver: Current default time zone: 'Etc/UTC'
    wazuhserver: Local time is now:      Tue Feb 18 18:23:03 UTC 2025.
    wazuhserver: Universal Time is now:  Tue Feb 18 18:23:03 UTC 2025.
    wazuhserver: Run 'dpkg-reconfigure tzdata' if you wish to change it.
    wazuhserver:
    wazuhserver: Setting up python3-jinja2 (2.10.1-2ubuntu0.4) ...
    wazuhserver: Setting up vim-common (2:8.1.2269-1ubuntu5.31) ...
    wazuhserver: Setting up linux-headers-5.4.0-205 (5.4.0-205.225) ...
    wazuhserver: Setting up libk5crypto3:amd64 (1.17-6ubuntu4.8) ...
    wazuhserver: Setting up libkrb5-3:amd64 (1.17-6ubuntu4.8) ...
    wazuhserver: Setting up linux-headers-5.4.0-205-generic (5.4.0-205.225) ...
    wazuhserver: Setting up linux-image-virtual (5.4.0.205.201) ...
    wazuhserver: Setting up vim-runtime (2:8.1.2269-1ubuntu5.31) ...
    wazuhserver: Setting up libxml2:amd64 (2.9.10+dfsg-5ubuntu0.20.04.8) ...
    wazuhserver: Setting up vim (2:8.1.2269-1ubuntu5.31) ...
    wazuhserver: Setting up linux-headers-generic (5.4.0.205.201) ...
    wazuhserver: Setting up vim-tiny (2:8.1.2269-1ubuntu5.31) ...
    wazuhserver: Setting up libgssapi-krb5-2:amd64 (1.17-6ubuntu4.8) ...
    wazuhserver: Setting up linux-headers-virtual (5.4.0.205.201) ...
    wazuhserver: Setting up bind9-libs:amd64 (1:9.18.30-0ubuntu0.20.04.2) ...
    wazuhserver: Setting up linux-virtual (5.4.0.205.201) ...
    wazuhserver: Setting up bind9-host (1:9.18.30-0ubuntu0.20.04.2) ...
    wazuhserver: Setting up bind9-dnsutils (1:9.18.30-0ubuntu0.20.04.2) ...
    wazuhserver: Processing triggers for libc-bin (2.31-0ubuntu9.17) ...
    wazuhserver: Processing triggers for man-db (2.9.1-1) ...
    wazuhserver: Processing triggers for mime-support (3.64ubuntu1) ...
    wazuhserver: Processing triggers for linux-image-5.4.0-205-generic (5.4.0-205.225) ...
    wazuhserver: /etc/kernel/postinst.d/initramfs-tools:
    wazuhserver: update-initramfs: Generating /boot/initrd.img-5.4.0-205-generic
    wazuhserver: /etc/kernel/postinst.d/zz-update-grub:
    wazuhserver: Sourcing file `/etc/default/grub'
    wazuhserver: Sourcing file `/etc/default/grub.d/50-cloudimg-settings.cfg'
    wazuhserver: Sourcing file `/etc/default/grub.d/init-select.cfg'
    wazuhserver: Generating grub configuration file ...
    wazuhserver: Found linux image: /boot/vmlinuz-5.4.0-205-generic
    wazuhserver: Found initrd image: /boot/initrd.img-5.4.0-205-generic
    wazuhserver: Found linux image: /boot/vmlinuz-5.4.0-204-generic
    wazuhserver: Found initrd image: /boot/initrd.img-5.4.0-204-generic
    wazuhserver: done
    wazuhserver: Reading package lists...
    wazuhserver: Building dependency tree...
    wazuhserver: Reading state information...
    wazuhserver: adduser is already the newest version (3.118ubuntu2).
    wazuhserver: adduser set to manually installed.
    wazuhserver: debconf is already the newest version (1.5.73).
    wazuhserver: debconf set to manually installed.
    wazuhserver: curl is already the newest version (7.68.0-1ubuntu2.25).
    wazuhserver: gnupg is already the newest version (2.2.19-3ubuntu2.2).
    wazuhserver: libcap2-bin is already the newest version (1:2.32-1ubuntu0.1).
    wazuhserver: libcap2-bin set to manually installed.
    wazuhserver: procps is already the newest version (2:3.3.16-1ubuntu2.4).
    wazuhserver: procps set to manually installed.
    wazuhserver: The following additional packages will be installed:
    wazuhserver:   autoconf automake autopoint autotools-dev binutils binutils-common
    wazuhserver:   binutils-x86-64-linux-gnu build-essential cpp cpp-9 dh-autoreconf
    wazuhserver:   dh-strip-nondeterminism dpkg-dev dwz fakeroot g++ g++-9 gcc gcc-9 gcc-9-base
    wazuhserver:   gettext intltool-debian libalgorithm-diff-perl libalgorithm-diff-xs-perl
    wazuhserver:   libalgorithm-merge-perl libarchive-cpio-perl libarchive-zip-perl libasan5
    wazuhserver:   libatomic1 libbinutils libc-dev-bin libc6-dev libcc1-0 libcroco3
    wazuhserver:   libcrypt-dev libctf-nobfd0 libctf0 libdebhelper-perl libdpkg-perl
    wazuhserver:   libfakeroot libfile-fcntllock-perl libfile-stripnondeterminism-perl
    wazuhserver:   libgcc-9-dev libgomp1 libisl22 libitm1 liblsan0 libltdl-dev
    wazuhserver:   libmail-sendmail-perl libmpc3 libquadmath0 libstdc++-9-dev
    wazuhserver:   libsub-override-perl libsys-hostname-long-perl libtool libtsan0 libubsan1
    wazuhserver:   linux-libc-dev m4 make manpages-dev po-debconf
    wazuhserver: Suggested packages:
    wazuhserver:   autoconf-archive gnu-standards autoconf-doc binutils-doc cpp-doc
    wazuhserver:   gcc-9-locales dh-make debian-keyring g++-multilib g++-9-multilib gcc-9-doc
    wazuhserver:   gcc-multilib flex bison gdb gcc-doc gcc-9-multilib gettext-doc
    wazuhserver:   libasprintf-dev libgettextpo-dev glibc-doc bzr libtool-doc libstdc++-9-doc
    wazuhserver:   gfortran | fortran95-compiler gcj-jdk m4-doc make-doc libmail-box-perl
    wazuhserver: The following NEW packages will be installed:
    wazuhserver:   apt-transport-https autoconf automake autopoint autotools-dev binutils
    wazuhserver:   binutils-common binutils-x86-64-linux-gnu build-essential cpp cpp-9
    wazuhserver:   debhelper dh-autoreconf dh-strip-nondeterminism dpkg-dev dwz fakeroot
    wazuhserver:   filebeat g++ g++-9 gcc gcc-9 gcc-9-base gettext intltool-debian
    wazuhserver:   libalgorithm-diff-perl libalgorithm-diff-xs-perl libalgorithm-merge-perl
    wazuhserver:   libarchive-cpio-perl libarchive-zip-perl libasan5 libatomic1 libbinutils
    wazuhserver:   libc-dev-bin libc6-dev libcc1-0 libcroco3 libcrypt-dev libctf-nobfd0 libctf0
    wazuhserver:   libdebhelper-perl libdpkg-perl libfakeroot libfile-fcntllock-perl
    wazuhserver:   libfile-stripnondeterminism-perl libgcc-9-dev libgomp1 libisl22 libitm1
    wazuhserver:   liblsan0 libltdl-dev libmail-sendmail-perl libmpc3 libquadmath0
    wazuhserver:   libstdc++-9-dev libsub-override-perl libsys-hostname-long-perl libtool
    wazuhserver:   libtsan0 libubsan1 linux-libc-dev m4 make manpages-dev po-debconf
    wazuhserver: 0 upgraded, 65 newly installed, 0 to remove and 0 not upgraded.
    wazuhserver: Need to get 71.9 MB of archives.
    wazuhserver: After this operation, 291 MB of additional disk space will be used.
    wazuhserver: Get:1 http://archive.ubuntu.com/ubuntu focal-updates/universe amd64 apt-transport-https all 2.0.10 [1704 B]
    wazuhserver: Get:2 http://archive.ubuntu.com/ubuntu focal/main amd64 m4 amd64 1.4.18-4 [199 kB]
    wazuhserver: Get:3 http://archive.ubuntu.com/ubuntu focal/main amd64 autoconf all 2.69-11.1 [321 kB]
    wazuhserver: Get:4 https://packages.wazuh.com/4.x/apt stable/main amd64 filebeat amd64 7.10.2 [22.1 MB]
    wazuhserver: Get:5 http://archive.ubuntu.com/ubuntu focal/main amd64 autotools-dev all 20180224.1 [39.6 kB]
    wazuhserver: Get:6 http://archive.ubuntu.com/ubuntu focal/main amd64 automake all 1:1.16.1-4ubuntu6 [522 kB]
    wazuhserver: Get:7 http://archive.ubuntu.com/ubuntu focal/main amd64 autopoint all 0.19.8.1-10build1 [412 kB]
    wazuhserver: Get:8 http://archive.ubuntu.com/ubuntu focal-updates/main amd64 binutils-common amd64 2.34-6ubuntu1.9 [208 kB]
    wazuhserver: Get:9 http://archive.ubuntu.com/ubuntu focal-updates/main amd64 libbinutils amd64 2.34-6ubuntu1.9 [475 kB]
    wazuhserver: Get:10 http://archive.ubuntu.com/ubuntu focal-updates/main amd64 libctf-nobfd0 amd64 2.34-6ubuntu1.9 [48.2 kB]
    wazuhserver: Get:11 http://archive.ubuntu.com/ubuntu focal-updates/main amd64 libctf0 amd64 2.34-6ubuntu1.9 [46.6 kB]
    wazuhserver: Get:12 http://archive.ubuntu.com/ubuntu focal-updates/main amd64 binutils-x86-64-linux-gnu amd64 2.34-6ubuntu1.9 [1614 kB]
    wazuhserver: Get:13 http://archive.ubuntu.com/ubuntu focal-updates/main amd64 binutils amd64 2.34-6ubuntu1.9 [3380 B]
    wazuhserver: Get:14 http://archive.ubuntu.com/ubuntu focal-updates/main amd64 libc-dev-bin amd64 2.31-0ubuntu9.17 [71.8 kB]
    wazuhserver: Get:15 http://archive.ubuntu.com/ubuntu focal-updates/main amd64 linux-libc-dev amd64 5.4.0-205.225 [1125 kB]
    wazuhserver: Get:16 http://archive.ubuntu.com/ubuntu focal/main amd64 libcrypt-dev amd64 1:4.4.10-10ubuntu4 [104 kB]
    wazuhserver: Get:17 http://archive.ubuntu.com/ubuntu focal-updates/main amd64 libc6-dev amd64 2.31-0ubuntu9.17 [2521 kB]
    wazuhserver: Get:18 http://archive.ubuntu.com/ubuntu focal-updates/main amd64 gcc-9-base amd64 9.4.0-1ubuntu1~20.04.2 [18.9 kB]
    wazuhserver: Get:19 http://archive.ubuntu.com/ubuntu focal/main amd64 libisl22 amd64 0.22.1-1 [592 kB]
    wazuhserver: Get:20 http://archive.ubuntu.com/ubuntu focal/main amd64 libmpc3 amd64 1.1.0-1 [40.8 kB]
    wazuhserver: Get:21 http://archive.ubuntu.com/ubuntu focal-updates/main amd64 cpp-9 amd64 9.4.0-1ubuntu1~20.04.2 [7502 kB]
    wazuhserver: Get:22 http://archive.ubuntu.com/ubuntu focal/main amd64 cpp amd64 4:9.3.0-1ubuntu2 [27.6 kB]
    wazuhserver: Get:23 http://archive.ubuntu.com/ubuntu focal-updates/main amd64 libcc1-0 amd64 10.5.0-1ubuntu1~20.04 [48.8 kB]
    wazuhserver: Get:24 http://archive.ubuntu.com/ubuntu focal-updates/main amd64 libgomp1 amd64 10.5.0-1ubuntu1~20.04 [102 kB]
    wazuhserver: Get:25 http://archive.ubuntu.com/ubuntu focal-updates/main amd64 libitm1 amd64 10.5.0-1ubuntu1~20.04 [26.2 kB]
    wazuhserver: Get:26 http://archive.ubuntu.com/ubuntu focal-updates/main amd64 libatomic1 amd64 10.5.0-1ubuntu1~20.04 [9284 B]
    wazuhserver: Get:27 http://archive.ubuntu.com/ubuntu focal-updates/main amd64 libasan5 amd64 9.4.0-1ubuntu1~20.04.2 [2752 kB]
    wazuhserver: Get:28 http://archive.ubuntu.com/ubuntu focal-updates/main amd64 liblsan0 amd64 10.5.0-1ubuntu1~20.04 [835 kB]
    wazuhserver: Get:29 http://archive.ubuntu.com/ubuntu focal-updates/main amd64 libtsan0 amd64 10.5.0-1ubuntu1~20.04 [2016 kB]
    wazuhserver: Get:30 http://archive.ubuntu.com/ubuntu focal-updates/main amd64 libubsan1 amd64 10.5.0-1ubuntu1~20.04 [785 kB]
    wazuhserver: Get:31 http://archive.ubuntu.com/ubuntu focal-updates/main amd64 libquadmath0 amd64 10.5.0-1ubuntu1~20.04 [146 kB]
    wazuhserver: Get:32 http://archive.ubuntu.com/ubuntu focal-updates/main amd64 libgcc-9-dev amd64 9.4.0-1ubuntu1~20.04.2 [2359 kB]
    wazuhserver: Get:33 http://archive.ubuntu.com/ubuntu focal-updates/main amd64 gcc-9 amd64 9.4.0-1ubuntu1~20.04.2 [8276 kB]
    wazuhserver: Get:34 http://archive.ubuntu.com/ubuntu focal/main amd64 gcc amd64 4:9.3.0-1ubuntu2 [5208 B]
    wazuhserver: Get:35 http://archive.ubuntu.com/ubuntu focal-updates/main amd64 libstdc++-9-dev amd64 9.4.0-1ubuntu1~20.04.2 [1722 kB]
    wazuhserver: Get:36 http://archive.ubuntu.com/ubuntu focal-updates/main amd64 g++-9 amd64 9.4.0-1ubuntu1~20.04.2 [8421 kB]
    wazuhserver: Get:37 http://archive.ubuntu.com/ubuntu focal/main amd64 g++ amd64 4:9.3.0-1ubuntu2 [1604 B]
    wazuhserver: Get:38 http://archive.ubuntu.com/ubuntu focal/main amd64 make amd64 4.2.1-1.2 [162 kB]
    wazuhserver: Get:39 http://archive.ubuntu.com/ubuntu focal-updates/main amd64 libdpkg-perl all 1.19.7ubuntu3.2 [231 kB]
    wazuhserver: Get:40 http://archive.ubuntu.com/ubuntu focal-updates/main amd64 dpkg-dev all 1.19.7ubuntu3.2 [679 kB]
    wazuhserver: Get:41 http://archive.ubuntu.com/ubuntu focal-updates/main amd64 build-essential amd64 12.8ubuntu1.1 [4664 B]
    wazuhserver: Get:42 http://archive.ubuntu.com/ubuntu focal/main amd64 libtool all 2.4.6-14 [161 kB]
    wazuhserver: Get:43 http://archive.ubuntu.com/ubuntu focal/main amd64 dh-autoreconf all 19 [16.1 kB]
    wazuhserver: Get:44 http://archive.ubuntu.com/ubuntu focal/main amd64 libdebhelper-perl all 12.10ubuntu1 [62.1 kB]
    wazuhserver: Get:45 http://archive.ubuntu.com/ubuntu focal/main amd64 libarchive-zip-perl all 1.67-2 [90.5 kB]
    wazuhserver: Get:46 http://archive.ubuntu.com/ubuntu focal/main amd64 libsub-override-perl all 0.09-2 [9532 B]
    wazuhserver: Get:47 http://archive.ubuntu.com/ubuntu focal/main amd64 libfile-stripnondeterminism-perl all 1.7.0-1 [15.9 kB]
    wazuhserver: Get:48 http://archive.ubuntu.com/ubuntu focal/main amd64 dh-strip-nondeterminism all 1.7.0-1 [5228 B]
    wazuhserver: Get:49 http://archive.ubuntu.com/ubuntu focal/main amd64 dwz amd64 0.13-5 [151 kB]
    wazuhserver: Get:50 http://archive.ubuntu.com/ubuntu focal-updates/main amd64 libcroco3 amd64 0.6.13-1ubuntu0.1 [82.4 kB]
    wazuhserver: Get:51 http://archive.ubuntu.com/ubuntu focal/main amd64 gettext amd64 0.19.8.1-10build1 [895 kB]
    wazuhserver: Get:52 http://archive.ubuntu.com/ubuntu focal/main amd64 intltool-debian all 0.35.0+20060710.5 [24.9 kB]
    wazuhserver: Get:53 http://archive.ubuntu.com/ubuntu focal/main amd64 po-debconf all 1.0.21 [233 kB]
    wazuhserver: Get:54 http://archive.ubuntu.com/ubuntu focal/main amd64 debhelper all 12.10ubuntu1 [877 kB]
    wazuhserver: Get:55 http://archive.ubuntu.com/ubuntu focal/main amd64 libfakeroot amd64 1.24-1 [25.7 kB]
    wazuhserver: Get:56 http://archive.ubuntu.com/ubuntu focal/main amd64 fakeroot amd64 1.24-1 [62.6 kB]
    wazuhserver: Get:57 http://archive.ubuntu.com/ubuntu focal/main amd64 libalgorithm-diff-perl all 1.19.03-2 [46.6 kB]
    wazuhserver: Get:58 http://archive.ubuntu.com/ubuntu focal/main amd64 libalgorithm-diff-xs-perl amd64 0.04-6 [11.3 kB]
    wazuhserver: Get:59 http://archive.ubuntu.com/ubuntu focal/main amd64 libalgorithm-merge-perl all 0.08-3 [12.0 kB]
    wazuhserver: Get:60 http://archive.ubuntu.com/ubuntu focal/main amd64 libarchive-cpio-perl all 0.10-1 [9644 B]
    wazuhserver: Get:61 http://archive.ubuntu.com/ubuntu focal/main amd64 libfile-fcntllock-perl amd64 0.22-3build4 [33.1 kB]
    wazuhserver: Get:62 http://archive.ubuntu.com/ubuntu focal/main amd64 libltdl-dev amd64 2.4.6-14 [162 kB]
    wazuhserver: Get:63 http://archive.ubuntu.com/ubuntu focal/main amd64 libsys-hostname-long-perl all 1.5-1 [11.7 kB]
    wazuhserver: Get:64 http://archive.ubuntu.com/ubuntu focal/main amd64 libmail-sendmail-perl all 0.80-1 [22.6 kB]
    wazuhserver: Get:65 http://archive.ubuntu.com/ubuntu focal/main amd64 manpages-dev all 5.05-1 [2266 kB]
    wazuhserver: dpkg-preconfigure: unable to re-open stdin: No such file or directory
    wazuhserver: Fetched 71.9 MB in 5s (13.6 MB/s)
    wazuhserver: Selecting previously unselected package apt-transport-https.
(Reading database ... 94924 files and directories currently installed.)
    wazuhserver: Preparing to unpack .../00-apt-transport-https_2.0.10_all.deb ...
    wazuhserver: Unpacking apt-transport-https (2.0.10) ...
    wazuhserver: Selecting previously unselected package m4.
    wazuhserver: Preparing to unpack .../01-m4_1.4.18-4_amd64.deb ...
    wazuhserver: Unpacking m4 (1.4.18-4) ...
    wazuhserver: Selecting previously unselected package autoconf.
    wazuhserver: Preparing to unpack .../02-autoconf_2.69-11.1_all.deb ...
    wazuhserver: Unpacking autoconf (2.69-11.1) ...
    wazuhserver: Selecting previously unselected package autotools-dev.
    wazuhserver: Preparing to unpack .../03-autotools-dev_20180224.1_all.deb ...
    wazuhserver: Unpacking autotools-dev (20180224.1) ...
    wazuhserver: Selecting previously unselected package automake.
    wazuhserver: Preparing to unpack .../04-automake_1%3a1.16.1-4ubuntu6_all.deb ...
    wazuhserver: Unpacking automake (1:1.16.1-4ubuntu6) ...
    wazuhserver: Selecting previously unselected package autopoint.
    wazuhserver: Preparing to unpack .../05-autopoint_0.19.8.1-10build1_all.deb ...
    wazuhserver: Unpacking autopoint (0.19.8.1-10build1) ...
    wazuhserver: Selecting previously unselected package binutils-common:amd64.
    wazuhserver: Preparing to unpack .../06-binutils-common_2.34-6ubuntu1.9_amd64.deb ...
    wazuhserver: Unpacking binutils-common:amd64 (2.34-6ubuntu1.9) ...
    wazuhserver: Selecting previously unselected package libbinutils:amd64.
    wazuhserver: Preparing to unpack .../07-libbinutils_2.34-6ubuntu1.9_amd64.deb ...
    wazuhserver: Unpacking libbinutils:amd64 (2.34-6ubuntu1.9) ...
    wazuhserver: Selecting previously unselected package libctf-nobfd0:amd64.
    wazuhserver: Preparing to unpack .../08-libctf-nobfd0_2.34-6ubuntu1.9_amd64.deb ...
    wazuhserver: Unpacking libctf-nobfd0:amd64 (2.34-6ubuntu1.9) ...
    wazuhserver: Selecting previously unselected package libctf0:amd64.
    wazuhserver: Preparing to unpack .../09-libctf0_2.34-6ubuntu1.9_amd64.deb ...
    wazuhserver: Unpacking libctf0:amd64 (2.34-6ubuntu1.9) ...
    wazuhserver: Selecting previously unselected package binutils-x86-64-linux-gnu.
    wazuhserver: Preparing to unpack .../10-binutils-x86-64-linux-gnu_2.34-6ubuntu1.9_amd64.deb ...
    wazuhserver: Unpacking binutils-x86-64-linux-gnu (2.34-6ubuntu1.9) ...
    wazuhserver: Selecting previously unselected package binutils.
    wazuhserver: Preparing to unpack .../11-binutils_2.34-6ubuntu1.9_amd64.deb ...
    wazuhserver: Unpacking binutils (2.34-6ubuntu1.9) ...
    wazuhserver: Selecting previously unselected package libc-dev-bin.
    wazuhserver: Preparing to unpack .../12-libc-dev-bin_2.31-0ubuntu9.17_amd64.deb ...
    wazuhserver: Unpacking libc-dev-bin (2.31-0ubuntu9.17) ...
    wazuhserver: Selecting previously unselected package linux-libc-dev:amd64.
    wazuhserver: Preparing to unpack .../13-linux-libc-dev_5.4.0-205.225_amd64.deb ...
    wazuhserver: Unpacking linux-libc-dev:amd64 (5.4.0-205.225) ...
    wazuhserver: Selecting previously unselected package libcrypt-dev:amd64.
    wazuhserver: Preparing to unpack .../14-libcrypt-dev_1%3a4.4.10-10ubuntu4_amd64.deb ...
    wazuhserver: Unpacking libcrypt-dev:amd64 (1:4.4.10-10ubuntu4) ...
    wazuhserver: Selecting previously unselected package libc6-dev:amd64.
    wazuhserver: Preparing to unpack .../15-libc6-dev_2.31-0ubuntu9.17_amd64.deb ...
    wazuhserver: Unpacking libc6-dev:amd64 (2.31-0ubuntu9.17) ...
    wazuhserver: Selecting previously unselected package gcc-9-base:amd64.
    wazuhserver: Preparing to unpack .../16-gcc-9-base_9.4.0-1ubuntu1~20.04.2_amd64.deb ...
    wazuhserver: Unpacking gcc-9-base:amd64 (9.4.0-1ubuntu1~20.04.2) ...
    wazuhserver: Selecting previously unselected package libisl22:amd64.
    wazuhserver: Preparing to unpack .../17-libisl22_0.22.1-1_amd64.deb ...
    wazuhserver: Unpacking libisl22:amd64 (0.22.1-1) ...
    wazuhserver: Selecting previously unselected package libmpc3:amd64.
    wazuhserver: Preparing to unpack .../18-libmpc3_1.1.0-1_amd64.deb ...
    wazuhserver: Unpacking libmpc3:amd64 (1.1.0-1) ...
    wazuhserver: Selecting previously unselected package cpp-9.
    wazuhserver: Preparing to unpack .../19-cpp-9_9.4.0-1ubuntu1~20.04.2_amd64.deb ...
    wazuhserver: Unpacking cpp-9 (9.4.0-1ubuntu1~20.04.2) ...
    wazuhserver: Selecting previously unselected package cpp.
    wazuhserver: Preparing to unpack .../20-cpp_4%3a9.3.0-1ubuntu2_amd64.deb ...
    wazuhserver: Unpacking cpp (4:9.3.0-1ubuntu2) ...
    wazuhserver: Selecting previously unselected package libcc1-0:amd64.
    wazuhserver: Preparing to unpack .../21-libcc1-0_10.5.0-1ubuntu1~20.04_amd64.deb ...
    wazuhserver: Unpacking libcc1-0:amd64 (10.5.0-1ubuntu1~20.04) ...
    wazuhserver: Selecting previously unselected package libgomp1:amd64.
    wazuhserver: Preparing to unpack .../22-libgomp1_10.5.0-1ubuntu1~20.04_amd64.deb ...
    wazuhserver: Unpacking libgomp1:amd64 (10.5.0-1ubuntu1~20.04) ...
    wazuhserver: Selecting previously unselected package libitm1:amd64.
    wazuhserver: Preparing to unpack .../23-libitm1_10.5.0-1ubuntu1~20.04_amd64.deb ...
    wazuhserver: Unpacking libitm1:amd64 (10.5.0-1ubuntu1~20.04) ...
    wazuhserver: Selecting previously unselected package libatomic1:amd64.
    wazuhserver: Preparing to unpack .../24-libatomic1_10.5.0-1ubuntu1~20.04_amd64.deb ...
    wazuhserver: Unpacking libatomic1:amd64 (10.5.0-1ubuntu1~20.04) ...
    wazuhserver: Selecting previously unselected package libasan5:amd64.
    wazuhserver: Preparing to unpack .../25-libasan5_9.4.0-1ubuntu1~20.04.2_amd64.deb ...
    wazuhserver: Unpacking libasan5:amd64 (9.4.0-1ubuntu1~20.04.2) ...
    wazuhserver: Selecting previously unselected package liblsan0:amd64.
    wazuhserver: Preparing to unpack .../26-liblsan0_10.5.0-1ubuntu1~20.04_amd64.deb ...
    wazuhserver: Unpacking liblsan0:amd64 (10.5.0-1ubuntu1~20.04) ...
    wazuhserver: Selecting previously unselected package libtsan0:amd64.
    wazuhserver: Preparing to unpack .../27-libtsan0_10.5.0-1ubuntu1~20.04_amd64.deb ...
    wazuhserver: Unpacking libtsan0:amd64 (10.5.0-1ubuntu1~20.04) ...
    wazuhserver: Selecting previously unselected package libubsan1:amd64.
    wazuhserver: Preparing to unpack .../28-libubsan1_10.5.0-1ubuntu1~20.04_amd64.deb ...
    wazuhserver: Unpacking libubsan1:amd64 (10.5.0-1ubuntu1~20.04) ...
    wazuhserver: Selecting previously unselected package libquadmath0:amd64.
    wazuhserver: Preparing to unpack .../29-libquadmath0_10.5.0-1ubuntu1~20.04_amd64.deb ...
    wazuhserver: Unpacking libquadmath0:amd64 (10.5.0-1ubuntu1~20.04) ...
    wazuhserver: Selecting previously unselected package libgcc-9-dev:amd64.
    wazuhserver: Preparing to unpack .../30-libgcc-9-dev_9.4.0-1ubuntu1~20.04.2_amd64.deb ...
    wazuhserver: Unpacking libgcc-9-dev:amd64 (9.4.0-1ubuntu1~20.04.2) ...
    wazuhserver: Selecting previously unselected package gcc-9.
    wazuhserver: Preparing to unpack .../31-gcc-9_9.4.0-1ubuntu1~20.04.2_amd64.deb ...
    wazuhserver: Unpacking gcc-9 (9.4.0-1ubuntu1~20.04.2) ...
    wazuhserver: Selecting previously unselected package gcc.
    wazuhserver: Preparing to unpack .../32-gcc_4%3a9.3.0-1ubuntu2_amd64.deb ...
    wazuhserver: Unpacking gcc (4:9.3.0-1ubuntu2) ...
    wazuhserver: Selecting previously unselected package libstdc++-9-dev:amd64.
    wazuhserver: Preparing to unpack .../33-libstdc++-9-dev_9.4.0-1ubuntu1~20.04.2_amd64.deb ...
    wazuhserver: Unpacking libstdc++-9-dev:amd64 (9.4.0-1ubuntu1~20.04.2) ...
    wazuhserver: Selecting previously unselected package g++-9.
    wazuhserver: Preparing to unpack .../34-g++-9_9.4.0-1ubuntu1~20.04.2_amd64.deb ...
    wazuhserver: Unpacking g++-9 (9.4.0-1ubuntu1~20.04.2) ...
    wazuhserver: Selecting previously unselected package g++.
    wazuhserver: Preparing to unpack .../35-g++_4%3a9.3.0-1ubuntu2_amd64.deb ...
    wazuhserver: Unpacking g++ (4:9.3.0-1ubuntu2) ...
    wazuhserver: Selecting previously unselected package make.
    wazuhserver: Preparing to unpack .../36-make_4.2.1-1.2_amd64.deb ...
    wazuhserver: Unpacking make (4.2.1-1.2) ...
    wazuhserver: Selecting previously unselected package libdpkg-perl.
    wazuhserver: Preparing to unpack .../37-libdpkg-perl_1.19.7ubuntu3.2_all.deb ...
    wazuhserver: Unpacking libdpkg-perl (1.19.7ubuntu3.2) ...
    wazuhserver: Selecting previously unselected package dpkg-dev.
    wazuhserver: Preparing to unpack .../38-dpkg-dev_1.19.7ubuntu3.2_all.deb ...
    wazuhserver: Unpacking dpkg-dev (1.19.7ubuntu3.2) ...
    wazuhserver: Selecting previously unselected package build-essential.
    wazuhserver: Preparing to unpack .../39-build-essential_12.8ubuntu1.1_amd64.deb ...
    wazuhserver: Unpacking build-essential (12.8ubuntu1.1) ...
    wazuhserver: Selecting previously unselected package libtool.
    wazuhserver: Preparing to unpack .../40-libtool_2.4.6-14_all.deb ...
    wazuhserver: Unpacking libtool (2.4.6-14) ...
    wazuhserver: Selecting previously unselected package dh-autoreconf.
    wazuhserver: Preparing to unpack .../41-dh-autoreconf_19_all.deb ...
    wazuhserver: Unpacking dh-autoreconf (19) ...
    wazuhserver: Selecting previously unselected package libdebhelper-perl.
    wazuhserver: Preparing to unpack .../42-libdebhelper-perl_12.10ubuntu1_all.deb ...
    wazuhserver: Unpacking libdebhelper-perl (12.10ubuntu1) ...
    wazuhserver: Selecting previously unselected package libarchive-zip-perl.
    wazuhserver: Preparing to unpack .../43-libarchive-zip-perl_1.67-2_all.deb ...
    wazuhserver: Unpacking libarchive-zip-perl (1.67-2) ...
    wazuhserver: Selecting previously unselected package libsub-override-perl.
    wazuhserver: Preparing to unpack .../44-libsub-override-perl_0.09-2_all.deb ...
    wazuhserver: Unpacking libsub-override-perl (0.09-2) ...
    wazuhserver: Selecting previously unselected package libfile-stripnondeterminism-perl.
    wazuhserver: Preparing to unpack .../45-libfile-stripnondeterminism-perl_1.7.0-1_all.deb ...
    wazuhserver: Unpacking libfile-stripnondeterminism-perl (1.7.0-1) ...
    wazuhserver: Selecting previously unselected package dh-strip-nondeterminism.
    wazuhserver: Preparing to unpack .../46-dh-strip-nondeterminism_1.7.0-1_all.deb ...
    wazuhserver: Unpacking dh-strip-nondeterminism (1.7.0-1) ...
    wazuhserver: Selecting previously unselected package dwz.
    wazuhserver: Preparing to unpack .../47-dwz_0.13-5_amd64.deb ...
    wazuhserver: Unpacking dwz (0.13-5) ...
    wazuhserver: Selecting previously unselected package libcroco3:amd64.
    wazuhserver: Preparing to unpack .../48-libcroco3_0.6.13-1ubuntu0.1_amd64.deb ...
    wazuhserver: Unpacking libcroco3:amd64 (0.6.13-1ubuntu0.1) ...
    wazuhserver: Selecting previously unselected package gettext.
    wazuhserver: Preparing to unpack .../49-gettext_0.19.8.1-10build1_amd64.deb ...
    wazuhserver: Unpacking gettext (0.19.8.1-10build1) ...
    wazuhserver: Selecting previously unselected package intltool-debian.
    wazuhserver: Preparing to unpack .../50-intltool-debian_0.35.0+20060710.5_all.deb ...
    wazuhserver: Unpacking intltool-debian (0.35.0+20060710.5) ...
    wazuhserver: Selecting previously unselected package po-debconf.
    wazuhserver: Preparing to unpack .../51-po-debconf_1.0.21_all.deb ...
    wazuhserver: Unpacking po-debconf (1.0.21) ...
    wazuhserver: Selecting previously unselected package debhelper.
    wazuhserver: Preparing to unpack .../52-debhelper_12.10ubuntu1_all.deb ...
    wazuhserver: Unpacking debhelper (12.10ubuntu1) ...
    wazuhserver: Selecting previously unselected package libfakeroot:amd64.
    wazuhserver: Preparing to unpack .../53-libfakeroot_1.24-1_amd64.deb ...
    wazuhserver: Unpacking libfakeroot:amd64 (1.24-1) ...
    wazuhserver: Selecting previously unselected package fakeroot.
    wazuhserver: Preparing to unpack .../54-fakeroot_1.24-1_amd64.deb ...
    wazuhserver: Unpacking fakeroot (1.24-1) ...
    wazuhserver: Selecting previously unselected package libalgorithm-diff-perl.
    wazuhserver: Preparing to unpack .../55-libalgorithm-diff-perl_1.19.03-2_all.deb ...
    wazuhserver: Unpacking libalgorithm-diff-perl (1.19.03-2) ...
    wazuhserver: Selecting previously unselected package libalgorithm-diff-xs-perl.
    wazuhserver: Preparing to unpack .../56-libalgorithm-diff-xs-perl_0.04-6_amd64.deb ...
    wazuhserver: Unpacking libalgorithm-diff-xs-perl (0.04-6) ...
    wazuhserver: Selecting previously unselected package libalgorithm-merge-perl.
    wazuhserver: Preparing to unpack .../57-libalgorithm-merge-perl_0.08-3_all.deb ...
    wazuhserver: Unpacking libalgorithm-merge-perl (0.08-3) ...
    wazuhserver: Selecting previously unselected package libarchive-cpio-perl.
    wazuhserver: Preparing to unpack .../58-libarchive-cpio-perl_0.10-1_all.deb ...
    wazuhserver: Unpacking libarchive-cpio-perl (0.10-1) ...
    wazuhserver: Selecting previously unselected package libfile-fcntllock-perl.
    wazuhserver: Preparing to unpack .../59-libfile-fcntllock-perl_0.22-3build4_amd64.deb ...
    wazuhserver: Unpacking libfile-fcntllock-perl (0.22-3build4) ...
    wazuhserver: Selecting previously unselected package libltdl-dev:amd64.
    wazuhserver: Preparing to unpack .../60-libltdl-dev_2.4.6-14_amd64.deb ...
    wazuhserver: Unpacking libltdl-dev:amd64 (2.4.6-14) ...
    wazuhserver: Selecting previously unselected package libsys-hostname-long-perl.
    wazuhserver: Preparing to unpack .../61-libsys-hostname-long-perl_1.5-1_all.deb ...
    wazuhserver: Unpacking libsys-hostname-long-perl (1.5-1) ...
    wazuhserver: Selecting previously unselected package libmail-sendmail-perl.
    wazuhserver: Preparing to unpack .../62-libmail-sendmail-perl_0.80-1_all.deb ...
    wazuhserver: Unpacking libmail-sendmail-perl (0.80-1) ...
    wazuhserver: Selecting previously unselected package manpages-dev.
    wazuhserver: Preparing to unpack .../63-manpages-dev_5.05-1_all.deb ...
    wazuhserver: Unpacking manpages-dev (5.05-1) ...
    wazuhserver: Selecting previously unselected package filebeat.
    wazuhserver: Preparing to unpack .../64-filebeat_7.10.2_amd64.deb ...
    wazuhserver: Unpacking filebeat (7.10.2) ...
    wazuhserver: Setting up manpages-dev (5.05-1) ...
    wazuhserver: Setting up apt-transport-https (2.0.10) ...
    wazuhserver: Setting up libfile-fcntllock-perl (0.22-3build4) ...
    wazuhserver: Setting up libalgorithm-diff-perl (1.19.03-2) ...
    wazuhserver: Setting up libarchive-zip-perl (1.67-2) ...
    wazuhserver: Setting up libdebhelper-perl (12.10ubuntu1) ...
    wazuhserver: Setting up binutils-common:amd64 (2.34-6ubuntu1.9) ...
    wazuhserver: Setting up linux-libc-dev:amd64 (5.4.0-205.225) ...
    wazuhserver: Setting up libctf-nobfd0:amd64 (2.34-6ubuntu1.9) ...
    wazuhserver: Setting up m4 (1.4.18-4) ...
    wazuhserver: Setting up libgomp1:amd64 (10.5.0-1ubuntu1~20.04) ...
    wazuhserver: Setting up libfakeroot:amd64 (1.24-1) ...
    wazuhserver: Setting up fakeroot (1.24-1) ...
    wazuhserver: update-alternatives: using /usr/bin/fakeroot-sysv to provide /usr/bin/fakeroot (fakeroot) in auto mode
    wazuhserver: Setting up autotools-dev (20180224.1) ...
    wazuhserver: Setting up make (4.2.1-1.2) ...
    wazuhserver: Setting up libquadmath0:amd64 (10.5.0-1ubuntu1~20.04) ...
    wazuhserver: Setting up libmpc3:amd64 (1.1.0-1) ...
    wazuhserver: Setting up libatomic1:amd64 (10.5.0-1ubuntu1~20.04) ...
    wazuhserver: Setting up autopoint (0.19.8.1-10build1) ...
    wazuhserver: Setting up libcroco3:amd64 (0.6.13-1ubuntu0.1) ...
    wazuhserver: Setting up libdpkg-perl (1.19.7ubuntu3.2) ...
    wazuhserver: Setting up autoconf (2.69-11.1) ...
    wazuhserver: Setting up libubsan1:amd64 (10.5.0-1ubuntu1~20.04) ...
    wazuhserver: Setting up dwz (0.13-5) ...
    wazuhserver: Setting up libcrypt-dev:amd64 (1:4.4.10-10ubuntu4) ...
    wazuhserver: Setting up libarchive-cpio-perl (0.10-1) ...
    wazuhserver: Setting up libsub-override-perl (0.09-2) ...
    wazuhserver: Setting up libisl22:amd64 (0.22.1-1) ...
    wazuhserver: Setting up libbinutils:amd64 (2.34-6ubuntu1.9) ...
    wazuhserver: Setting up libc-dev-bin (2.31-0ubuntu9.17) ...
    wazuhserver: Setting up filebeat (7.10.2) ...
    wazuhserver: Setting up libsys-hostname-long-perl (1.5-1) ...
    wazuhserver: Setting up libalgorithm-diff-xs-perl (0.04-6) ...
    wazuhserver: Setting up libcc1-0:amd64 (10.5.0-1ubuntu1~20.04) ...
    wazuhserver: Setting up liblsan0:amd64 (10.5.0-1ubuntu1~20.04) ...
    wazuhserver: Setting up libitm1:amd64 (10.5.0-1ubuntu1~20.04) ...
    wazuhserver: Setting up gcc-9-base:amd64 (9.4.0-1ubuntu1~20.04.2) ...
    wazuhserver: Setting up libalgorithm-merge-perl (0.08-3) ...
    wazuhserver: Setting up libtsan0:amd64 (10.5.0-1ubuntu1~20.04) ...
    wazuhserver: Setting up libctf0:amd64 (2.34-6ubuntu1.9) ...
    wazuhserver: Setting up automake (1:1.16.1-4ubuntu6) ...
    wazuhserver: update-alternatives: using /usr/bin/automake-1.16 to provide /usr/bin/automake (automake) in auto mode
    wazuhserver: Setting up libfile-stripnondeterminism-perl (1.7.0-1) ...
    wazuhserver: Setting up gettext (0.19.8.1-10build1) ...
    wazuhserver: Setting up intltool-debian (0.35.0+20060710.5) ...
    wazuhserver: Setting up libmail-sendmail-perl (0.80-1) ...
    wazuhserver: Setting up libltdl-dev:amd64 (2.4.6-14) ...
    wazuhserver: Setting up libasan5:amd64 (9.4.0-1ubuntu1~20.04.2) ...
    wazuhserver: Setting up dh-strip-nondeterminism (1.7.0-1) ...
    wazuhserver: Setting up cpp-9 (9.4.0-1ubuntu1~20.04.2) ...
    wazuhserver: Setting up libc6-dev:amd64 (2.31-0ubuntu9.17) ...
    wazuhserver: Setting up binutils-x86-64-linux-gnu (2.34-6ubuntu1.9) ...
    wazuhserver: Setting up po-debconf (1.0.21) ...
    wazuhserver: Setting up binutils (2.34-6ubuntu1.9) ...
    wazuhserver: Setting up dpkg-dev (1.19.7ubuntu3.2) ...
    wazuhserver: Setting up libgcc-9-dev:amd64 (9.4.0-1ubuntu1~20.04.2) ...
    wazuhserver: Setting up cpp (4:9.3.0-1ubuntu2) ...
    wazuhserver: Setting up gcc-9 (9.4.0-1ubuntu1~20.04.2) ...
    wazuhserver: Setting up libstdc++-9-dev:amd64 (9.4.0-1ubuntu1~20.04.2) ...
    wazuhserver: Setting up libtool (2.4.6-14) ...
    wazuhserver: Setting up gcc (4:9.3.0-1ubuntu2) ...
    wazuhserver: Setting up g++-9 (9.4.0-1ubuntu1~20.04.2) ...
    wazuhserver: Setting up g++ (4:9.3.0-1ubuntu2) ...
    wazuhserver: update-alternatives: using /usr/bin/g++ to provide /usr/bin/c++ (c++) in auto mode
    wazuhserver: Setting up build-essential (12.8ubuntu1.1) ...
    wazuhserver: Setting up dh-autoreconf (19) ...
    wazuhserver: Setting up debhelper (12.10ubuntu1) ...
    wazuhserver: Processing triggers for systemd (245.4-4ubuntu3.24) ...
    wazuhserver: Processing triggers for man-db (2.9.1-1) ...
    wazuhserver: Processing triggers for install-info (6.7.0.dfsg.2-5) ...
    wazuhserver: Processing triggers for libc-bin (2.31-0ubuntu9.17) ...
    wazuhserver: 18/02/2025 18:26:53 INFO: Verbose logging redirected to /home/vagrant/wazuh-certificates-tool.log
    wazuhserver: 18/02/2025 18:26:54 INFO: Generating the root certificate.
    wazuhserver: 18/02/2025 18:26:54 INFO: Generating Admin certificates.
    wazuhserver: 18/02/2025 18:26:54 INFO: Admin certificates created.
    wazuhserver: 18/02/2025 18:26:54 INFO: Generating Wazuh indexer certificates.
    wazuhserver: 18/02/2025 18:26:54 INFO: Wazuh indexer certificates created.
    wazuhserver: 18/02/2025 18:26:54 INFO: Generating Filebeat certificates.
    wazuhserver: 18/02/2025 18:26:55 INFO: Wazuh Filebeat certificates created.
    wazuhserver: 18/02/2025 18:26:55 INFO: Generating Wazuh dashboard certificates.
    wazuhserver: 18/02/2025 18:26:55 INFO: Wazuh dashboard certificates created.
    wazuhserver: ./
    wazuhserver: ./root-ca.pem
    wazuhserver: ./admin.pem
    wazuhserver: ./node-1-key.pem
    wazuhserver: ./dashboard.pem
    wazuhserver: ./wazuh-1.pem
    wazuhserver: ./dashboard-key.pem
    wazuhserver: ./admin-key.pem
    wazuhserver: ./wazuh-1-key.pem
    wazuhserver: ./root-ca.key
    wazuhserver: ./node-1.pem
    wazuhserver:
    wazuhserver: WARNING: apt does not have a stable CLI interface. Use with caution in scripts.
    wazuhserver:
    wazuhserver: Reading package lists...
    wazuhserver: Building dependency tree...
    wazuhserver: Reading state information...
    wazuhserver: The following NEW packages will be installed:
    wazuhserver:   wazuh-indexer
    wazuhserver: 0 upgraded, 1 newly installed, 0 to remove and 0 not upgraded.
    wazuhserver: Need to get 870 MB of archives.
    wazuhserver: After this operation, 1097 MB of additional disk space will be used.
    wazuhserver: Get:1 https://packages.wazuh.com/4.x/apt stable/main amd64 wazuh-indexer amd64 4.10.1-1 [870 MB]
    wazuhserver: dpkg-preconfigure: unable to re-open stdin: No such file or directory
    wazuhserver: Fetched 870 MB in 1min 5s (13.5 MB/s)
    wazuhserver: Selecting previously unselected package wazuh-indexer.
(Reading database ... 102113 files and directories currently installed.)
    wazuhserver: Preparing to unpack .../wazuh-indexer_4.10.1-1_amd64.deb ...
    wazuhserver: Running Wazuh Indexer Pre-Installation Script
    wazuhserver: Unpacking wazuh-indexer (4.10.1-1) ...
    wazuhserver: Setting up wazuh-indexer (4.10.1-1) ...
    wazuhserver: Running Wazuh Indexer Post-Installation Script
    wazuhserver: ### NOT starting on installation, please execute the following statements to configure wazuh-indexer service to start automatically using systemd
    wazuhserver:  sudo systemctl daemon-reload
    wazuhserver:  sudo systemctl enable wazuh-indexer.service
    wazuhserver: ### You can start wazuh-indexer service by executing
    wazuhserver:  sudo systemctl start wazuh-indexer.service
    wazuhserver: Processing triggers for systemd (245.4-4ubuntu3.24) ...
    wazuhserver:
    wazuhserver: WARNING: apt does not have a stable CLI interface. Use with caution in scripts.
    wazuhserver:
    wazuhserver: Reading package lists...
    wazuhserver: Building dependency tree...
    wazuhserver: Reading state information...
    wazuhserver: Suggested packages:
    wazuhserver:   expect
    wazuhserver: The following NEW packages will be installed:
    wazuhserver:   wazuh-manager
    wazuhserver: 0 upgraded, 1 newly installed, 0 to remove and 0 not upgraded.
    wazuhserver: Need to get 354 MB of archives.
    wazuhserver: After this operation, 914 MB of additional disk space will be used.
    wazuhserver: Get:1 https://packages.wazuh.com/4.x/apt stable/main amd64 wazuh-manager amd64 4.10.1-1 [354 MB]
    wazuhserver: dpkg-preconfigure: unable to re-open stdin: No such file or directory
    wazuhserver: Fetched 354 MB in 22s (16.3 MB/s)
    wazuhserver: Selecting previously unselected package wazuh-manager.
(Reading database ... 103294 files and directories currently installed.)
    wazuhserver: Preparing to unpack .../wazuh-manager_4.10.1-1_amd64.deb ...
    wazuhserver: Unpacking wazuh-manager (4.10.1-1) ...
    wazuhserver: Setting up wazuh-manager (4.10.1-1) ...
    wazuhserver: Processing triggers for systemd (245.4-4ubuntu3.24) ...
    wazuhserver:
    wazuhserver: WARNING: apt does not have a stable CLI interface. Use with caution in scripts.
    wazuhserver:
    wazuhserver: Reading package lists...
    wazuhserver: Building dependency tree...
    wazuhserver: Reading state information...
    wazuhserver: The following NEW packages will be installed:
    wazuhserver:   wazuh-dashboard
    wazuhserver: 0 upgraded, 1 newly installed, 0 to remove and 0 not upgraded.
    wazuhserver: Need to get 174 MB of archives.
    wazuhserver: After this operation, 957 MB of additional disk space will be used.
    wazuhserver: Get:1 https://packages.wazuh.com/4.x/apt stable/main amd64 wazuh-dashboard amd64 4.10.1-1 [174 MB]
    wazuhserver: dpkg-preconfigure: unable to re-open stdin: No such file or directory
    wazuhserver: Fetched 174 MB in 10s (17.5 MB/s)
    wazuhserver: Selecting previously unselected package wazuh-dashboard.
(Reading database ... 127247 files and directories currently installed.)
    wazuhserver: Preparing to unpack .../wazuh-dashboard_4.10.1-1_amd64.deb ...
    wazuhserver: Creating wazuh-dashboard group... OK
    wazuhserver: Creating wazuh-dashboard user... OK
    wazuhserver: Unpacking wazuh-dashboard (4.10.1-1) ...
    wazuhserver: Setting up wazuh-dashboard (4.10.1-1) ...
==> wazuhserver: Running provisioner: part2 (shell)...
    wazuhserver: Running: script: part2
==> wazuhserver: Running provisioner: part3 (shell)...
    wazuhserver: Running: script: part3
==> wazuhserver: Running provisioner: part4 (shell)...
    wazuhserver: Running: script: part4
    wazuhserver: Synchronizing state of wazuh-indexer.service with SysV service script with /lib/systemd/systemd-sysv-install.
    wazuhserver: Executing: /lib/systemd/systemd-sysv-install enable wazuh-indexer
    wazuhserver: Created symlink /etc/systemd/system/multi-user.target.wants/wazuh-indexer.service  /lib/systemd/system/wazuh-indexer.service.
==> wazuhserver: Running provisioner: part5 (shell)...
    wazuhserver: Running: script: part5
" does not exist.Device "192.168.1.2
    wazuhserver: ERROR: network host not valid, check /etc/wazuh-indexer/opensearch.yml
    wazuhserver:   % Total    % Received % Xferd  Average Speed   Time    Time     Time  Current
    wazuhserver:                                  Dload  Upload   Total   Spent    Left  Speed
100    36  100    36    0     0     25      0  0:00:01  0:00:01 --:--:--    25
    wazuhserver:   % Total    % Received % Xferd  Average Speed   Time    Time     Time  Current
    wazuhserver:                                  Dload  Upload   Total   Spent    Left  Speed
100    36  100    36    0     0    391      0 --:--:-- --:--:-- --:--:--   387
    wazuhserver: OpenSearch Security not initialized.OpenSearch Security not initialized.
==> wazuhserver: Running provisioner: part6 (shell)...
    wazuhserver: Running: script: part6
    wazuhserver: Created symlink /etc/systemd/system/multi-user.target.wants/wazuh-manager.service  /lib/systemd/system/wazuh-manager.service.
==> wazuhserver: Running provisioner: part7 (shell)...
    wazuhserver: Running: script: part7
    wazuhserver:
    wazuhserver: WARNING: apt does not have a stable CLI interface. Use with caution in scripts.
    wazuhserver:
    wazuhserver: Reading package lists...
    wazuhserver: Building dependency tree...
    wazuhserver: Reading state information...
    wazuhserver: filebeat is already the newest version (7.10.2).
    wazuhserver: 0 upgraded, 0 newly installed, 0 to remove and 0 not upgraded.
==> wazuhserver: Running provisioner: part8 (shell)...
    wazuhserver: Running: script: part8
    wazuhserver: Created filebeat keystore
==> wazuhserver: Running provisioner: part9 (shell)...
    wazuhserver: Running: script: part9
    wazuhserver: Successfully updated the keystore
    wazuhserver: Successfully updated the keystore
    wazuhserver: wazuh/
    wazuhserver: wazuh/archives/
    wazuhserver: wazuh/archives/ingest/
    wazuhserver: wazuh/archives/ingest/pipeline.json
    wazuhserver: wazuh/archives/config/
    wazuhserver: wazuh/archives/config/archives.yml
    wazuhserver: wazuh/archives/manifest.yml
    wazuhserver: wazuh/_meta/
    wazuhserver: wazuh/_meta/config.yml
    wazuhserver: wazuh/_meta/docs.asciidoc
    wazuhserver: wazuh/_meta/fields.yml
    wazuhserver: wazuh/alerts/
    wazuhserver: wazuh/alerts/ingest/
    wazuhserver: wazuh/alerts/ingest/pipeline.json
    wazuhserver: wazuh/alerts/config/
    wazuhserver: wazuh/alerts/config/alerts.yml
    wazuhserver: wazuh/alerts/manifest.yml
    wazuhserver: wazuh/module.yml
==> wazuhserver: Running provisioner: part10 (shell)...
    wazuhserver: Running: script: part10
==> wazuhserver: Running provisioner: part11 (shell)...
    wazuhserver: Running: script: part11
    wazuhserver: Synchronizing state of filebeat.service with SysV service script with /lib/systemd/systemd-sysv-install.
    wazuhserver: Executing: /lib/systemd/systemd-sysv-install enable filebeat
    wazuhserver: Created symlink /etc/systemd/system/multi-user.target.wants/filebeat.service  /lib/systemd/system/filebeat.service.
==> wazuhserver: Running provisioner: part12 (shell)...
    wazuhserver: Running: script: part12
    wazuhserver: elasticsearch: https://192.168.1.2:9200...
    wazuhserver:   parse url... OK
    wazuhserver:   connection...
    wazuhserver:     parse host... OK
    wazuhserver:     dns lookup... OK
    wazuhserver:     addresses: 192.168.1.2
    wazuhserver:     dial up... OK
    wazuhserver:   TLS...
    wazuhserver:     security: server's certificate chain verification is enabled
    wazuhserver:     handshake... OK
    wazuhserver:     TLS version: TLSv1.3
    wazuhserver:     dial up... OK
    wazuhserver:   talk to server... ERROR 503 Service Unavailable: OpenSearch Security not initialized.
==> wazuhserver: Running provisioner: part13 (shell)...
    wazuhserver: Running: script: part13
==> wazuhserver: Running provisioner: part14 (shell)...
    wazuhserver: Running: script: part14
    wazuhserver: Created symlink /etc/systemd/system/multi-user.target.wants/wazuh-dashboard.service  /etc/systemd/system/wazuh-dashboard.service.
==> wazuhserver: Running provisioner: initwazuh (shell)...
    wazuhserver: Running: script: initwazuh
==> wazuhserver: Running provisioner: install_ssh (shell)...
    wazuhserver: Running: script: install_ssh
    wazuhserver: Hit:1 http://archive.ubuntu.com/ubuntu focal InRelease
    wazuhserver: Hit:2 http://archive.ubuntu.com/ubuntu focal-updates InRelease
    wazuhserver: Hit:3 http://archive.ubuntu.com/ubuntu focal-backports InRelease
    wazuhserver: Hit:4 https://packages.wazuh.com/4.x/apt stable InRelease
    wazuhserver: Hit:5 http://security.ubuntu.com/ubuntu focal-security InRelease
    wazuhserver: Reading package lists...
    wazuhserver: Reading package lists...
    wazuhserver: Building dependency tree...
    wazuhserver: Reading state information...
    wazuhserver: openssh-server is already the newest version (1:8.2p1-4ubuntu0.11).
    wazuhserver: 0 upgraded, 0 newly installed, 0 to remove and 0 not upgraded.
    wazuhserver: Synchronizing state of ssh.service with SysV service script with /lib/systemd/systemd-sysv-install.
    wazuhserver: Executing: /lib/systemd/systemd-sysv-install enable ssh
PS D:\github\Vortex\soc>
